        -:    0:Source:E:/BubbleMAC_INFOCOM/Protocol_80211.cpp
        -:    0:Graph:E:\BubbleMAC_INFOCOM\cmake-build-debug-coverage\CMakeFiles\BubbleMAC_INFOCOM.dir\Protocol_80211.cpp.gcno
        -:    0:Data:E:\BubbleMAC_INFOCOM\cmake-build-debug-coverage\CMakeFiles\BubbleMAC_INFOCOM.dir\Protocol_80211.cpp.gcda
        -:    0:Runs:1
        -:    1://
        -:    2:// Created by cyx02 on 2022/7/5.
        -:    3://
        -:    4:
        -:    5:#include "Protocol_80211.h"
        -:    6:#include "parameters.h"
        -:    7:#include "vehicle.h"
        -:    8:#include <cstdlib>
        -:    9:
        -:   10:/*
        -:   11:802.11p
        -:   12:协议过程：without retransmission, 等效为随机选择时槽
        -:   13:*/
function _Z10mac_80211pP8Duallisti called 0 returned 0% blocks executed 0%
    #####:   14:void mac_80211p(struct Duallist *ALL_Vehicles, int slot){
        -:   15:    // For this protocol, each vehicle randomly choose a slot to transmit its WSM.
        -:   16:
    #####:   17:    int a = 0;
    #####:   18:    int b = SlotPerFrame - 1;
        -:   19:
        -:   20:    struct Item *aItem;
        -:   21:    struct vehicle* aCar;
        -:   22:
    #####:   23:    aItem =ALL_Vehicles-> head;
    #####:   24:    while(aItem != NULL){
    %%%%%:   24-block  0
    %%%%%:   24-block  1
branch  0 never executed
branch  1 never executed
    #####:   25:        aCar = (struct vehicle*)aItem->datap;               //[a,b] (rand()%(b-a+1))+a
    #####:   26:        aCar->slot_occupied = rand()%(b - a + 1) + a;       //[0,199]
    %%%%%:   26-block  0
call    0 never executed
        -:   27:        //printf("!!!!!!!!!=++++++++++++=%d\n", aCar->slot_occupied);
    #####:   28:        aCar->commRadius = 300;                             //set commRange as 300m
    #####:   29:        aItem = aItem->next;
        -:   30:    }
    #####:   31:}
