        -:    0:Source:E:/BubbleMAC_INFOCOM/vehicle.cpp
        -:    0:Graph:E:\BubbleMAC_INFOCOM\cmake-build-debug-coverage\CMakeFiles\BubbleMAC_INFOCOM.dir\vehicle.cpp.gcno
        -:    0:Data:E:\BubbleMAC_INFOCOM\cmake-build-debug-coverage\CMakeFiles\BubbleMAC_INFOCOM.dir\vehicle.cpp.gcda
        -:    0:Runs:1
        -:    1://
        -:    2:// Created by cyx02 on 2022/6/27.
        -:    3://
        -:    4:
        -:    5:#include "vehicle.h"
        -:    6:#include "math.h"
        -:    7:#include <cstdio>
        -:    8:#include <stddef.h>
        -:    9:#include <iostream>
        -:   10:
        -:   11:using namespace  std;
function _Z24distance_between_vehiclePK7vehicleS1_ called 920979 returned 100% blocks executed 100%
   920979:   12:double distance_between_vehicle(const struct vehicle* aCar, const struct vehicle* bCar){
   920979:   13:    return sqrt((aCar->x - bCar->x)*(aCar->x - bCar->x) + (aCar->y - bCar->y)*(aCar->y - bCar->y));
   920979:   13-block  0
        -:   14:}
        -:   15:
        -:   16:
function _Z13printVehilcesP8Duallist called 0 returned 0% blocks executed 0%
    #####:   17:void printVehilces(struct Duallist *ALL_Vehicles){
        -:   18:    struct Item *aItem;
        -:   19:    struct vehicle* aCar;
        -:   20:
    #####:   21:    aItem =ALL_Vehicles-> head;
    #####:   22:    while(aItem != NULL){
    %%%%%:   22-block  0
    %%%%%:   22-block  1
branch  0 never executed
branch  1 never executed
    #####:   23:        aCar = (struct vehicle*)aItem->datap;
    #####:   24:        cout<<"handled="<<aCar->handled<<" ,id="<<aCar->id<<" ,x="<<aCar->x <<" ,y="<<aCar->y <<" ,CommRange="<<aCar->commRadius <<" ,slot_occupied="<< aCar->slot_occupied <<" ,slot_condition="<<aCar->slot_condition<<" ,pos="<<aCar->pos<<", speed="<<aCar->speed<<", a="<<aCar->a<<", slot_resource="<<aCar->resource_pool<<", angle="<<aCar->angle<<endl;
    %%%%%:   24-block  0
call    0 never executed
call    1 never executed
call    2 never executed
call    3 never executed
call    4 never executed
call    5 never executed
call    6 never executed
call    7 never executed
call    8 never executed
call    9 never executed
call   10 never executed
call   11 never executed
call   12 never executed
call   13 never executed
call   14 never executed
call   15 never executed
call   16 never executed
call   17 never executed
call   18 never executed
call   19 never executed
call   20 never executed
call   21 never executed
call   22 never executed
call   23 never executed
call   24 never executed
        -:   25:
    #####:   26:        aItem = aItem->next;
        -:   27:
        -:   28:       // (aCar->queue_Vehicles)[aCar]++;
        -:   29:        //(aCar->queue_Vehicles).clear();
        -:   30:    }
    #####:   31:}
